<?xml version="1.0" encoding="UTF-8"?>
<beans xmlns="http://www.springframework.org/schema/beans"
	xmlns:xsi="http://www.w3.org/2001/XMLSchema-instance"
	xmlns:context="http://www.springframework.org/schema/context"
	xmlns:util="http://www.springframework.org/schema/util"
	xsi:schemaLocation="http://www.springframework.org/schema/beans http://www.springframework.org/schema/beans/spring-beans-3.0.xsd
		http://www.springframework.org/schema/util http://www.springframework.org/schema/util/spring-util-3.1.xsd
		http://www.springframework.org/schema/context http://www.springframework.org/schema/context/spring-context-3.0.xsd">

	<import resource="META-INF/spring/demo-sql-context.xml" />

	<bean id="serverContext" class="edu.mayo.cts2.framework.core.config.TestServerContext" />

	<bean id="pluginConfig"
		class="edu.mayo.cts2.framework.core.config.TestPluginConfigSpringFactory" />

	<bean id="pluginConfigManager"
		class="edu.mayo.cts2.framework.core.plugin.DefaultPluginConfigManager" />

	<bean id="configInitializer"
		class="edu.mayo.cts2.framework.core.config.TestConfigInitializerSpringFactory" />

    <bean id="dataSource" class="com.mchange.v2.c3p0.ComboPooledDataSource">
        <property name="driverClass" value="org.hsqldb.jdbcDriver"/>
        <property name="jdbcUrl" value="jdbc:hsqldb:mem:."/>
        <property name="user" value="sa"/>
        <property name="password" value=""/>
    </bean>

</beans>
